

================================================================
== Synthesis Summary Report of 'nn_inference'
================================================================
+ General Information: 
    * Date:           Tue Nov 21 15:54:23 2023
    * Version:        2020.2 (Build 3064766 on Wed Nov 18 09:12:47 MST 2020)
    * Project:        NN
    * Solution:       solution1 (Vivado IP Flow Target)
    * Product family: zynq
    * Target device:  xc7z020-clg400-1
    

+ Performance & Resource Estimates: 
    
    PS: '+' for module; 'o' for loop; '*' for dataflow
    +-------------------+------+-------+---------+-----------+----------+---------+-------+----------+----------+----+-------------+-------------+-----+
    |      Modules      | Issue|       | Latency |  Latency  | Iteration|         |  Trip |          |          |    |             |             |     |
    |      & Loops      | Type | Slack | (cycles)|    (ns)   |  Latency | Interval| Count | Pipelined|   BRAM   | DSP|      FF     |     LUT     | URAM|
    +-------------------+------+-------+---------+-----------+----------+---------+-------+----------+----------+----+-------------+-------------+-----+
    |+ nn_inference     |     -|  -0.06|    65022|  6.502e+05|         -|    65023|      -|        no|  35 (12%)|   -|  19308 (18%)|  11732 (22%)|    -|
    | o VITIS_LOOP_5_1  |     -|  -7.30|      774|  7.740e+03|         8|        1|    768|       yes|         -|   -|            -|            -|    -|
    | o col_prod        |     -|  -7.30|    61444|  6.144e+05|         6|        1|  61440|       yes|         -|   -|            -|            -|    -|
    | o loop1           |     -|  -7.30|       87|    870.000|         9|        1|     80|       yes|         -|   -|            -|            -|    -|
    | o col_prod        |     -|  -7.30|     2564|  2.564e+04|         6|        1|   2560|       yes|         -|   -|            -|            -|    -|
    | o loop1           |     -|  -7.30|       39|    390.000|         9|        1|     32|       yes|         -|   -|            -|            -|    -|
    | o col             |     -|  -7.30|       34|    340.000|        20|        1|     16|       yes|         -|   -|            -|            -|    -|
    | o loop1           |     -|  -7.30|       23|    230.000|         9|        1|     16|       yes|         -|   -|            -|            -|    -|
    | o col             |     -|  -7.30|       12|    120.000|        11|        1|      3|       yes|         -|   -|            -|            -|    -|
    | o loop1           |     -|  -7.30|        3|     30.000|         1|        1|      3|       yes|         -|   -|            -|            -|    -|
    +-------------------+------+-------+---------+-----------+----------+---------+-------+----------+----------+----+-------------+-------------+-----+

